D:\JUN\AUTODESKRESEARCH\GIT\DESIGNSCRIPT\BIN\X64\DEBUG\DESIGNSCRIPTSTUDIO.RENDERER.DLL
D:\JUN\AUTODESKRESEARCH\GIT\DESIGNSCRIPT\BIN\X64\DEBUG\DESIGNSCRIPTSTUDIO.RENDERER.ILK
D:\JUN\AUTODESKRESEARCH\GIT\DESIGNSCRIPT\BIN\X64\DEBUG\DESIGNSCRIPTSTUDIO.RENDERER.PDB
D:\JUN\AUTODESKRESEARCH\GIT\DESIGNSCRIPT\UIS\STUDIO\DESIGNSCRIPTSTUDIO.RENDERER\X64\DEBUG\.NETFRAMEWORK,VERSION=V4.0.ASSEMBLYATTRIBUTES.OBJ
D:\JUN\AUTODESKRESEARCH\GIT\DESIGNSCRIPT\UIS\STUDIO\DESIGNSCRIPTSTUDIO.RENDERER\X64\DEBUG\APP.RES
D:\JUN\AUTODESKRESEARCH\GIT\DESIGNSCRIPT\UIS\STUDIO\DESIGNSCRIPTSTUDIO.RENDERER\X64\DEBUG\ASSEMBLYINFO.OBJ
D:\JUN\AUTODESKRESEARCH\GIT\DESIGNSCRIPT\UIS\STUDIO\DESIGNSCRIPTSTUDIO.RENDERER\X64\DEBUG\CAMERA.OBJ
D:\jun\AutodeskResearch\git\designscript\UIs\Studio\DesignScriptStudio.Renderer\x64\Debug\cl.command.1.tlog
D:\jun\AutodeskResearch\git\designscript\UIs\Studio\DesignScriptStudio.Renderer\x64\Debug\CL.read.1.tlog
D:\jun\AutodeskResearch\git\designscript\UIs\Studio\DesignScriptStudio.Renderer\x64\Debug\CL.write.1.tlog
D:\JUN\AUTODESKRESEARCH\GIT\DESIGNSCRIPT\UIS\STUDIO\DESIGNSCRIPTSTUDIO.RENDERER\X64\DEBUG\DESIGNSCRIPTSTUDIO.RENDERER.DLL.INTERMEDIATE.MANIFEST
D:\JUN\AUTODESKRESEARCH\GIT\DESIGNSCRIPT\UIS\STUDIO\DESIGNSCRIPTSTUDIO.RENDERER\X64\DEBUG\DESIGNSCRIPTSTUDIO.RENDERER.PCH
D:\jun\AutodeskResearch\git\designscript\UIs\Studio\DesignScriptStudio.Renderer\x64\Debug\link.10504.read.1.tlog
D:\jun\AutodeskResearch\git\designscript\UIs\Studio\DesignScriptStudio.Renderer\x64\Debug\link.10504.write.1.tlog
D:\jun\AutodeskResearch\git\designscript\UIs\Studio\DesignScriptStudio.Renderer\x64\Debug\link.10504-cvtres.read.1.tlog
D:\jun\AutodeskResearch\git\designscript\UIs\Studio\DesignScriptStudio.Renderer\x64\Debug\link.10504-cvtres.write.1.tlog
D:\jun\AutodeskResearch\git\designscript\UIs\Studio\DesignScriptStudio.Renderer\x64\Debug\link.11476.read.1.tlog
D:\jun\AutodeskResearch\git\designscript\UIs\Studio\DesignScriptStudio.Renderer\x64\Debug\link.11476.write.1.tlog
D:\jun\AutodeskResearch\git\designscript\UIs\Studio\DesignScriptStudio.Renderer\x64\Debug\link.11476-cvtres.read.1.tlog
D:\jun\AutodeskResearch\git\designscript\UIs\Studio\DesignScriptStudio.Renderer\x64\Debug\link.11476-cvtres.write.1.tlog
D:\jun\AutodeskResearch\git\designscript\UIs\Studio\DesignScriptStudio.Renderer\x64\Debug\link.4476.read.1.tlog
D:\jun\AutodeskResearch\git\designscript\UIs\Studio\DesignScriptStudio.Renderer\x64\Debug\link.4476.write.1.tlog
D:\jun\AutodeskResearch\git\designscript\UIs\Studio\DesignScriptStudio.Renderer\x64\Debug\link.4476-cvtres.read.1.tlog
D:\jun\AutodeskResearch\git\designscript\UIs\Studio\DesignScriptStudio.Renderer\x64\Debug\link.4476-cvtres.write.1.tlog
D:\jun\AutodeskResearch\git\designscript\UIs\Studio\DesignScriptStudio.Renderer\x64\Debug\link.command.1.tlog
D:\jun\AutodeskResearch\git\designscript\UIs\Studio\DesignScriptStudio.Renderer\x64\Debug\link.read.1.tlog
D:\jun\AutodeskResearch\git\designscript\UIs\Studio\DesignScriptStudio.Renderer\x64\Debug\link.write.1.tlog
D:\jun\AutodeskResearch\git\designscript\UIs\Studio\DesignScriptStudio.Renderer\x64\Debug\mt.command.1.tlog
D:\jun\AutodeskResearch\git\designscript\UIs\Studio\DesignScriptStudio.Renderer\x64\Debug\mt.read.1.tlog
D:\jun\AutodeskResearch\git\designscript\UIs\Studio\DesignScriptStudio.Renderer\x64\Debug\mt.write.1.tlog
D:\JUN\AUTODESKRESEARCH\GIT\DESIGNSCRIPT\UIS\STUDIO\DESIGNSCRIPTSTUDIO.RENDERER\X64\DEBUG\OPENGL.OBJ
D:\jun\AutodeskResearch\git\designscript\UIs\Studio\DesignScriptStudio.Renderer\x64\Debug\rc.command.1.tlog
D:\jun\AutodeskResearch\git\designscript\UIs\Studio\DesignScriptStudio.Renderer\x64\Debug\rc.read.1.tlog
D:\jun\AutodeskResearch\git\designscript\UIs\Studio\DesignScriptStudio.Renderer\x64\Debug\rc.write.1.tlog
D:\JUN\AUTODESKRESEARCH\GIT\DESIGNSCRIPT\UIS\STUDIO\DESIGNSCRIPTSTUDIO.RENDERER\X64\DEBUG\RENDERPACKAGE.OBJ
D:\JUN\AUTODESKRESEARCH\GIT\DESIGNSCRIPT\UIS\STUDIO\DESIGNSCRIPTSTUDIO.RENDERER\X64\DEBUG\RENDERPACKAGEIMPL.OBJ
D:\JUN\AUTODESKRESEARCH\GIT\DESIGNSCRIPT\UIS\STUDIO\DESIGNSCRIPTSTUDIO.RENDERER\X64\DEBUG\RENDERSERVICE.OBJ
D:\JUN\AUTODESKRESEARCH\GIT\DESIGNSCRIPT\UIS\STUDIO\DESIGNSCRIPTSTUDIO.RENDERER\X64\DEBUG\RENDERSERVICEIMPL.OBJ
D:\JUN\AUTODESKRESEARCH\GIT\DESIGNSCRIPT\UIS\STUDIO\DESIGNSCRIPTSTUDIO.RENDERER\X64\DEBUG\RENDERTHREAD.OBJ
D:\JUN\AUTODESKRESEARCH\GIT\DESIGNSCRIPT\UIS\STUDIO\DESIGNSCRIPTSTUDIO.RENDERER\X64\DEBUG\STDAFX.OBJ
D:\JUN\AUTODESKRESEARCH\GIT\DESIGNSCRIPT\UIS\STUDIO\DESIGNSCRIPTSTUDIO.RENDERER\X64\DEBUG\THUMBNAILPOOL.OBJ
D:\JUN\AUTODESKRESEARCH\GIT\DESIGNSCRIPT\UIS\STUDIO\DESIGNSCRIPTSTUDIO.RENDERER\X64\DEBUG\VC100.PDB
