Build started 9/20/2013 4:30:35 PM.
     1>Project "D:\jun\AutodeskResearch\git\designscript\UIs\Studio\DesignScriptStudio.Renderer\DesignScriptStudio.Renderer.vcxproj" on node 2 (rebuild target(s)).
     1>InitializeBuildStatus:
         Creating "x64\Debug\DesignScriptStudio.Renderer.unsuccessfulbuild" because "AlwaysCreate" was specified.
       GenerateTargetFrameworkMonikerAttribute:
       Skipping target "GenerateTargetFrameworkMonikerAttribute" because all output files are up-to-date with respect to the input files.
       ClCompile:
         C:\Program Files (x86)\Microsoft Visual Studio 10.0\VC\bin\x86_amd64\CL.exe /c /AI"C:\Program Files (x86)\Reference Assemblies\Microsoft\Framework\.NETFramework\v4.0" /Zi /clr /nologo /W3 /WX- /Od /D WIN32 /D _DEBUG /D _WINDLL /D _UNICODE /D UNICODE /EHa /MDd /GS /fp:precise /Zc:wchar_t /Zc:forScope /Yc"StdAfx.h" /Fp"x64\Debug\DesignScriptStudio.Renderer.pch" /Fo"x64\Debug\\" /Fd"x64\Debug\vc100.pdb" /TP /FUD:\jun\AutodeskResearch\git\designscript\bin\x64\Debug\ProtoInterface.dll /FU"C:\Program Files (x86)\Reference Assemblies\Microsoft\Framework\.NETFramework\v4.0\System.Core.dll" /FU"C:\Program Files (x86)\Reference Assemblies\Microsoft\Framework\.NETFramework\v4.0\System.Data.dll" /FU"C:\Program Files (x86)\Reference Assemblies\Microsoft\Framework\.NETFramework\v4.0\System.dll" /FU"C:\Program Files (x86)\Reference Assemblies\Microsoft\Framework\.NETFramework\v4.0\System.Xml.dll" /FU"C:\Program Files (x86)\Reference Assemblies\Microsoft\Framework\.NETFramework\v4.0\WindowsBase.dll" /errorReport:prompt Stdafx.cpp /clr:nostdlib 
         Stdafx.cpp
         C:\Program Files (x86)\Microsoft Visual Studio 10.0\VC\bin\x86_amd64\CL.exe /c /AI"C:\Program Files (x86)\Reference Assemblies\Microsoft\Framework\.NETFramework\v4.0" /Zi /clr /nologo /W3 /WX- /Od /D WIN32 /D _DEBUG /D _WINDLL /D _UNICODE /D UNICODE /EHa /MDd /GS /fp:precise /Zc:wchar_t /Zc:forScope /Yu"StdAfx.h" /Fp"x64\Debug\DesignScriptStudio.Renderer.pch" /Fo"x64\Debug\\" /Fd"x64\Debug\vc100.pdb" /TP /FUD:\jun\AutodeskResearch\git\designscript\bin\x64\Debug\ProtoInterface.dll /FU"C:\Program Files (x86)\Reference Assemblies\Microsoft\Framework\.NETFramework\v4.0\System.Core.dll" /FU"C:\Program Files (x86)\Reference Assemblies\Microsoft\Framework\.NETFramework\v4.0\System.Data.dll" /FU"C:\Program Files (x86)\Reference Assemblies\Microsoft\Framework\.NETFramework\v4.0\System.dll" /FU"C:\Program Files (x86)\Reference Assemblies\Microsoft\Framework\.NETFramework\v4.0\System.Xml.dll" /FU"C:\Program Files (x86)\Reference Assemblies\Microsoft\Framework\.NETFramework\v4.0\WindowsBase.dll" /errorReport:prompt AssemblyInfo.cpp Camera.cpp OpenGL.cpp RenderPackage.cpp RenderPackageImpl.cpp RenderServiceImpl.cpp RenderThread.cpp RenderService.cpp ThumbnailPool.cpp /clr:nostdlib 
         AssemblyInfo.cpp
         Camera.cpp
         OpenGL.cpp
         RenderPackage.cpp
         RenderPackageImpl.cpp
         RenderServiceImpl.cpp
         RenderThread.cpp
         RenderService.cpp
         ThumbnailPool.cpp
         Generating Code...
         C:\Program Files (x86)\Microsoft Visual Studio 10.0\VC\bin\x86_amd64\CL.exe /c /Zi /clr /nologo /W3 /WX- /Od /D WIN32 /D _DEBUG /D _WINDLL /D _UNICODE /D UNICODE /EHa /MDd /GS /fp:precise /Zc:wchar_t /Zc:forScope /Fo"x64\Debug\\" /Fd"x64\Debug\vc100.pdb" /TP /errorReport:prompt "C:\Users\manrice\AppData\Local\Temp\.NETFramework,Version=v4.0.AssemblyAttributes.cpp"
         .NETFramework,Version=v4.0.AssemblyAttributes.cpp
       ResourceCompile:
         C:\Program Files (x86)\Microsoft SDKs\Windows\v7.0A\bin\rc.exe /D _UNICODE /D UNICODE /l"0x0409" /nologo /fo"x64\Debug\app.res" app.rc 
       Link:
         C:\Program Files (x86)\Microsoft Visual Studio 10.0\VC\bin\x86_amd64\link.exe /ERRORREPORT:PROMPT /OUT:"D:\jun\AutodeskResearch\git\designscript\bin\x64\Debug\DesignScriptStudio.Renderer.dll" /INCREMENTAL /NOLOGO User32.lib Gdi32.lib opengl32.lib glu32.lib /MANIFEST /ManifestFile:"x64\Debug\DesignScriptStudio.Renderer.dll.intermediate.manifest" /MANIFESTUAC:"level='asInvoker' uiAccess='false'" /DEBUG /PDB:"D:\jun\AutodeskResearch\git\designscript\bin\x64\Debug\DesignScriptStudio.Renderer.pdb" /ASSEMBLYDEBUG /TLBID:1 /DYNAMICBASE /FIXED:NO /NXCOMPAT /MACHINE:X64 /DLL x64\Debug\app.res
         x64\Debug\AssemblyInfo.obj
         x64\Debug\Camera.obj
         x64\Debug\OpenGL.obj
         x64\Debug\RenderPackage.obj
         x64\Debug\RenderPackageImpl.obj
         x64\Debug\RenderServiceImpl.obj
         x64\Debug\RenderThread.obj
         x64\Debug\RenderService.obj
         x64\Debug\Stdafx.obj
         x64\Debug\ThumbnailPool.obj
         "x64\Debug\.NETFramework,Version=v4.0.AssemblyAttributes.obj"
         DesignScriptStudio.Renderer.vcxproj -> D:\jun\AutodeskResearch\git\designscript\bin\x64\Debug\DesignScriptStudio.Renderer.dll
       Manifest:
         C:\Program Files (x86)\Microsoft SDKs\Windows\v7.0A\bin\mt.exe /nologo /verbose /outputresource:"D:\jun\AutodeskResearch\git\designscript\bin\x64\Debug\DesignScriptStudio.Renderer.dll;#2" /manifest x64\Debug\DesignScriptStudio.Renderer.dll.intermediate.manifest
       FinalizeBuildStatus:
         Deleting file "x64\Debug\DesignScriptStudio.Renderer.unsuccessfulbuild".
         Touching "x64\Debug\DesignScriptStudio.Renderer.lastbuildstate".
     1>Done Building Project "D:\jun\AutodeskResearch\git\designscript\UIs\Studio\DesignScriptStudio.Renderer\DesignScriptStudio.Renderer.vcxproj" (rebuild target(s)).

Build succeeded.

Time Elapsed 00:00:06.41
